

***********************************************************************
Fatal NI connect error 12541, connecting to:
 (DESCRIPTION=(ADDRESS=(PROTOCOL=TCP)(HOST=N0006295)(PORT=1521))(CONNECT_DATA=(SERVER=DEDICATED)(SERVICE_NAME=local)(CID=(PROGRAM=D:\Users\gabryel.sousa\Desktop\Cadastro?de?Fornecedor\ProjetoFinal.exe)(HOST=EHO0012)(USER=gabryel.sousa))))

  VERSION INFORMATION:
	TNS for 32-bit Windows: Version 10.2.0.3.0 - Production
	Windows NT TCP/IP NT Protocol Adapter for 32-bit Windows: Version 10.2.0.3.0 - Production
  Time: 13-JAN-2017 09:16:55
  Tracing not turned on.
  Tns error struct:
    ns main err code: 12541
    TNS-12541: TNS:não há listener
    ns secondary err code: 12560
    nt main err code: 511
    TNS-00511: Não há listener
    nt secondary err code: 61
    nt OS err code: 0


***********************************************************************
Fatal NI connect error 12541, connecting to:
 (DESCRIPTION=(ADDRESS=(PROTOCOL=TCP)(HOST=N0006295)(PORT=1521))(CONNECT_DATA=(SERVER=DEDICATED)(SERVICE_NAME=local)(CID=(PROGRAM=D:\Users\gabryel.sousa\Desktop\Cadastro?de?Fornecedor\ProjetoFinal.exe)(HOST=EHO0012)(USER=gabryel.sousa))))

  VERSION INFORMATION:
	TNS for 32-bit Windows: Version 10.2.0.3.0 - Production
	Windows NT TCP/IP NT Protocol Adapter for 32-bit Windows: Version 10.2.0.3.0 - Production
  Time: 13-JAN-2017 09:19:23
  Tracing not turned on.
  Tns error struct:
    ns main err code: 12541
    TNS-12541: TNS:não há listener
    ns secondary err code: 12560
    nt main err code: 511
    TNS-00511: Não há listener
    nt secondary err code: 61
    nt OS err code: 0


***********************************************************************
Fatal NI connect error 12541, connecting to:
 (DESCRIPTION=(ADDRESS=(PROTOCOL=TCP)(HOST=N0006295)(PORT=1521))(CONNECT_DATA=(SERVER=DEDICATED)(SERVICE_NAME=local)(CID=(PROGRAM=D:\Users\gabryel.sousa\Desktop\Cadastro?de?Fornecedor\ProjetoFinal.exe)(HOST=EHO0012)(USER=gabryel.sousa))))

  VERSION INFORMATION:
	TNS for 32-bit Windows: Version 10.2.0.3.0 - Production
	Windows NT TCP/IP NT Protocol Adapter for 32-bit Windows: Version 10.2.0.3.0 - Production
  Time: 13-JAN-2017 09:32:59
  Tracing not turned on.
  Tns error struct:
    ns main err code: 12541
    TNS-12541: TNS:não há listener
    ns secondary err code: 12560
    nt main err code: 511
    TNS-00511: Não há listener
    nt secondary err code: 61
    nt OS err code: 0


***********************************************************************
Fatal NI connect error 12541, connecting to:
 (DESCRIPTION=(ADDRESS=(PROTOCOL=TCP)(HOST=N0006295)(PORT=1521))(CONNECT_DATA=(SERVER=DEDICATED)(SERVICE_NAME=local)(CID=(PROGRAM=D:\Users\gabryel.sousa\Desktop\Cadastro?de?Fornecedor\ProjetoFinal.exe)(HOST=EHO0012)(USER=gabryel.sousa))))

  VERSION INFORMATION:
	TNS for 32-bit Windows: Version 10.2.0.3.0 - Production
	Windows NT TCP/IP NT Protocol Adapter for 32-bit Windows: Version 10.2.0.3.0 - Production
  Time: 13-JAN-2017 10:35:28
  Tracing not turned on.
  Tns error struct:
    ns main err code: 12541
    TNS-12541: TNS:não há listener
    ns secondary err code: 12560
    nt main err code: 511
    TNS-00511: Não há listener
    nt secondary err code: 61
    nt OS err code: 0


***********************************************************************
Fatal NI connect error 12541, connecting to:
 (DESCRIPTION=(ADDRESS=(PROTOCOL=TCP)(HOST=N0006295)(PORT=1521))(CONNECT_DATA=(SERVER=DEDICATED)(SERVICE_NAME=local)(CID=(PROGRAM=D:\Users\gabryel.sousa\Desktop\Cadastro?de?Fornecedor\ProjetoFinal.exe)(HOST=EHO0012)(USER=gabryel.sousa))))

  VERSION INFORMATION:
	TNS for 32-bit Windows: Version 10.2.0.3.0 - Production
	Windows NT TCP/IP NT Protocol Adapter for 32-bit Windows: Version 10.2.0.3.0 - Production
  Time: 13-JAN-2017 12:21:00
  Tracing not turned on.
  Tns error struct:
    ns main err code: 12541
    TNS-12541: TNS:não há listener
    ns secondary err code: 12560
    nt main err code: 511
    TNS-00511: Não há listener
    nt secondary err code: 61
    nt OS err code: 0


***********************************************************************
Fatal NI connect error 12541, connecting to:
 (DESCRIPTION=(ADDRESS=(PROTOCOL=TCP)(HOST=N0006295)(PORT=1521))(CONNECT_DATA=(SERVER=DEDICATED)(SERVICE_NAME=local)(CID=(PROGRAM=D:\Users\gabryel.sousa\Desktop\Cadastro?de?Fornecedor\ProjetoFinal.exe)(HOST=EHO0012)(USER=gabryel.sousa))))

  VERSION INFORMATION:
	TNS for 32-bit Windows: Version 10.2.0.3.0 - Production
	Windows NT TCP/IP NT Protocol Adapter for 32-bit Windows: Version 10.2.0.3.0 - Production
  Time: 13-JAN-2017 15:32:55
  Tracing not turned on.
  Tns error struct:
    ns main err code: 12541
    TNS-12541: TNS:não há listener
    ns secondary err code: 12560
    nt main err code: 511
    TNS-00511: Não há listener
    nt secondary err code: 61
    nt OS err code: 0


***********************************************************************
Fatal NI connect error 12541, connecting to:
 (DESCRIPTION=(ADDRESS=(PROTOCOL=TCP)(HOST=N0006295)(PORT=1521))(CONNECT_DATA=(SERVER=DEDICATED)(SERVICE_NAME=local)(CID=(PROGRAM=D:\Users\gabryel.sousa\Desktop\Cadastro?de?Fornecedor\ProjetoFinal.exe)(HOST=EHO0012)(USER=gabryel.sousa))))

  VERSION INFORMATION:
	TNS for 32-bit Windows: Version 10.2.0.3.0 - Production
	Windows NT TCP/IP NT Protocol Adapter for 32-bit Windows: Version 10.2.0.3.0 - Production
  Time: 13-JAN-2017 15:33:10
  Tracing not turned on.
  Tns error struct:
    ns main err code: 12541
    TNS-12541: TNS:não há listener
    ns secondary err code: 12560
    nt main err code: 511
    TNS-00511: Não há listener
    nt secondary err code: 61
    nt OS err code: 0


***********************************************************************
Fatal NI connect error 12541, connecting to:
 (DESCRIPTION=(ADDRESS=(PROTOCOL=TCP)(HOST=N0006295)(PORT=1521))(CONNECT_DATA=(SERVER=DEDICATED)(SERVICE_NAME=local)(CID=(PROGRAM=D:\Users\gabryel.sousa\Desktop\Cadastro?de?Fornecedor\ProjetoFinal.exe)(HOST=EHO0012)(USER=gabryel.sousa))))

  VERSION INFORMATION:
	TNS for 32-bit Windows: Version 10.2.0.3.0 - Production
	Windows NT TCP/IP NT Protocol Adapter for 32-bit Windows: Version 10.2.0.3.0 - Production
  Time: 13-JAN-2017 15:49:45
  Tracing not turned on.
  Tns error struct:
    ns main err code: 12541
    TNS-12541: TNS:não há listener
    ns secondary err code: 12560
    nt main err code: 511
    TNS-00511: Não há listener
    nt secondary err code: 61
    nt OS err code: 0
